[debug] [2021-11-13T15:58:08.114Z] ----------------------------------------------------------------------
[debug] [2021-11-13T15:58:08.116Z] Command:       C:\Program Files\nodejs\node.exe C:\Users\Jumi\AppData\Roaming\npm\node_modules\firebase-tools\lib\bin\firebase.js init
[debug] [2021-11-13T15:58:08.117Z] CLI Version:   9.22.0
[debug] [2021-11-13T15:58:08.117Z] Platform:      win32
[debug] [2021-11-13T15:58:08.117Z] Node Version:  v14.17.4
[debug] [2021-11-13T15:58:08.118Z] Time:          Sat Nov 13 2021 21:58:08 GMT+0600 (Bangladesh Standard Time)
[debug] [2021-11-13T15:58:08.118Z] ----------------------------------------------------------------------
[debug] 
[debug] [2021-11-13T15:58:08.120Z] >>> [apiv2][query] GET https://firebase-public.firebaseio.com/cli.json [none]
[debug] [2021-11-13T15:58:08.140Z] > command requires scopes: ["email","openid","https://www.googleapis.com/auth/cloudplatformprojects.readonly","https://www.googleapis.com/auth/firebase","https://www.googleapis.com/auth/cloud-platform"]
[debug] [2021-11-13T15:58:08.140Z] > authorizing via signed-in user (ejumibegum@gmail.com)
[info] 
     ######## #### ########  ######## ########     ###     ######  ########
     ##        ##  ##     ## ##       ##     ##  ##   ##  ##       ##
     ######    ##  ########  ######   ########  #########  ######  ######
     ##        ##  ##    ##  ##       ##     ## ##     ##       ## ##
     ##       #### ##     ## ######## ########  ##     ##  ######  ########

You're about to initialize a Firebase project in this directory:

  C:\projects\light-house-client

Before we get started, keep in mind:

  * You are currently outside your home directory

[debug] [2021-11-13T15:58:12.158Z] <<< [apiv2][status] GET https://firebase-public.firebaseio.com/cli.json 200
[debug] [2021-11-13T15:58:12.158Z] <<< [apiv2][body] GET https://firebase-public.firebaseio.com/cli.json {"cloudBuildErrorAfter":1594252800000,"cloudBuildWarnAfter":1590019200000,"defaultNode10After":1594252800000,"minVersion":"3.0.5","node8DeploysDisabledAfter":1613390400000,"node8RuntimeDisabledAfter":1615809600000,"node8WarnAfter":1600128000000}
[info] 
=== Project Setup
[info] 
[info] First, let's associate this project directory with a Firebase project.
[info] You can create multiple project aliases by running firebase use --add, 
[info] but for now we'll just set up a default project.
[info] 
[debug] [2021-11-13T16:01:29.873Z] > refreshing access token with scopes: []
[debug] [2021-11-13T16:01:29.873Z] >>> HTTP REQUEST POST https://www.googleapis.com/oauth2/v3/token  
 <request body omitted>
[debug] [2021-11-13T16:01:30.693Z] <<< HTTP RESPONSE 200 {"date":"Sat, 13 Nov 2021 16:00:34 GMT","cache-control":"no-cache, no-store, max-age=0, must-revalidate","pragma":"no-cache","expires":"Mon, 01 Jan 1990 00:00:00 GMT","content-type":"application/json; charset=utf-8","vary":"X-Origin, Referer, Origin,Accept-Encoding","server":"scaffolding on HTTPServer2","x-xss-protection":"0","x-frame-options":"SAMEORIGIN","x-content-type-options":"nosniff","alt-svc":"clear","accept-ranges":"none","transfer-encoding":"chunked"}
[debug] [2021-11-13T16:01:30.755Z] >>> [apiv2][query] GET https://firebase.googleapis.com/v1beta1/projects pageSize=100
[debug] [2021-11-13T16:01:32.753Z] <<< [apiv2][status] GET https://firebase.googleapis.com/v1beta1/projects 200
[debug] [2021-11-13T16:01:32.754Z] <<< [apiv2][body] GET https://firebase.googleapis.com/v1beta1/projects [omitted]
[info] i  Using project light-house-3d2d6 (light-house) 
[info] 
=== Database Setup
[info] i  database: ensuring required API firebasedatabase.googleapis.com is enabled... 
[debug] [2021-11-13T16:01:54.147Z] > refreshing access token with scopes: ["email","https://www.googleapis.com/auth/cloud-platform","https://www.googleapis.com/auth/cloudplatformprojects.readonly","https://www.googleapis.com/auth/firebase","openid"]
[debug] [2021-11-13T16:01:54.147Z] >>> HTTP REQUEST POST https://www.googleapis.com/oauth2/v3/token  
 <request body omitted>
[debug] [2021-11-13T16:01:55.583Z] <<< HTTP RESPONSE 200 {"pragma":"no-cache","date":"Sat, 13 Nov 2021 16:00:59 GMT","cache-control":"no-cache, no-store, max-age=0, must-revalidate","expires":"Mon, 01 Jan 1990 00:00:00 GMT","content-type":"application/json; charset=utf-8","vary":"X-Origin, Referer, Origin,Accept-Encoding","server":"scaffolding on HTTPServer2","x-xss-protection":"0","x-frame-options":"SAMEORIGIN","x-content-type-options":"nosniff","alt-svc":"clear","accept-ranges":"none","transfer-encoding":"chunked"}
[debug] [2021-11-13T16:01:55.635Z] >>> HTTP REQUEST GET https://serviceusage.googleapis.com/v1/projects/light-house-3d2d6/services/firebasedatabase.googleapis.com  
 
[debug] [2021-11-13T16:01:58.555Z] <<< HTTP RESPONSE 200 {"content-type":"application/json; charset=UTF-8","vary":"X-Origin, Referer, Origin,Accept-Encoding","date":"Sat, 13 Nov 2021 16:01:02 GMT","server":"ESF","cache-control":"private","x-xss-protection":"0","x-frame-options":"SAMEORIGIN","x-content-type-options":"nosniff","alt-svc":"clear","accept-ranges":"none","transfer-encoding":"chunked"}
[warn] !  database: missing required API firebasedatabase.googleapis.com. Enabling now... 
[debug] [2021-11-13T16:01:58.557Z] >>> HTTP REQUEST POST https://serviceusage.googleapis.com/v1/projects/light-house-3d2d6/services/firebasedatabase.googleapis.com:enable  
 
[debug] [2021-11-13T16:02:01.010Z] <<< HTTP RESPONSE 200 {"content-type":"application/json; charset=UTF-8","vary":"X-Origin, Referer, Origin,Accept-Encoding","date":"Sat, 13 Nov 2021 16:01:04 GMT","server":"ESF","cache-control":"private","x-xss-protection":"0","x-frame-options":"SAMEORIGIN","x-content-type-options":"nosniff","alt-svc":"clear","accept-ranges":"none","transfer-encoding":"chunked"}
[debug] [2021-11-13T16:02:11.022Z] >>> HTTP REQUEST GET https://serviceusage.googleapis.com/v1/projects/light-house-3d2d6/services/firebasedatabase.googleapis.com  
 
[debug] [2021-11-13T16:02:13.913Z] <<< HTTP RESPONSE 200 {"content-type":"application/json; charset=UTF-8","vary":"X-Origin, Referer, Origin,Accept-Encoding","date":"Sat, 13 Nov 2021 16:01:17 GMT","server":"ESF","cache-control":"private","x-xss-protection":"0","x-frame-options":"SAMEORIGIN","x-content-type-options":"nosniff","alt-svc":"clear","accept-ranges":"none","transfer-encoding":"chunked"}
[info] +  database: required API firebasedatabase.googleapis.com is enabled 
[info] 
[debug] [2021-11-13T16:02:13.923Z] > refreshing access token with scopes: []
[debug] [2021-11-13T16:02:13.923Z] >>> HTTP REQUEST POST https://www.googleapis.com/oauth2/v3/token  
 <request body omitted>
[debug] [2021-11-13T16:02:15.383Z] <<< HTTP RESPONSE 200 {"date":"Sat, 13 Nov 2021 16:01:19 GMT","pragma":"no-cache","expires":"Mon, 01 Jan 1990 00:00:00 GMT","cache-control":"no-cache, no-store, max-age=0, must-revalidate","content-type":"application/json; charset=utf-8","vary":"X-Origin, Referer, Origin,Accept-Encoding","server":"scaffolding on HTTPServer2","x-xss-protection":"0","x-frame-options":"SAMEORIGIN","x-content-type-options":"nosniff","alt-svc":"clear","accept-ranges":"none","transfer-encoding":"chunked"}
[debug] [2021-11-13T16:02:15.432Z] >>> [apiv2][query] GET https://firebase.googleapis.com/v1beta1/projects/light-house-3d2d6 [none]
[debug] [2021-11-13T16:02:17.090Z] <<< [apiv2][status] GET https://firebase.googleapis.com/v1beta1/projects/light-house-3d2d6 200
[debug] [2021-11-13T16:02:17.091Z] <<< [apiv2][body] GET https://firebase.googleapis.com/v1beta1/projects/light-house-3d2d6 {"projectId":"light-house-3d2d6","projectNumber":"976868411994","displayName":"light-house","name":"projects/light-house-3d2d6","resources":{"hostingSite":"light-house-3d2d6"},"state":"ACTIVE"}
[debug] [2021-11-13T16:04:02.907Z] > refreshing access token with scopes: ["email","https://www.googleapis.com/auth/cloud-platform","https://www.googleapis.com/auth/cloudplatformprojects.readonly","https://www.googleapis.com/auth/firebase","openid"]
[debug] [2021-11-13T16:04:02.907Z] >>> HTTP REQUEST POST https://www.googleapis.com/oauth2/v3/token  
 <request body omitted>
[debug] [2021-11-13T16:04:04.812Z] <<< HTTP RESPONSE 200 {"date":"Sat, 13 Nov 2021 16:03:08 GMT","pragma":"no-cache","expires":"Mon, 01 Jan 1990 00:00:00 GMT","cache-control":"no-cache, no-store, max-age=0, must-revalidate","content-type":"application/json; charset=utf-8","vary":"X-Origin, Referer, Origin,Accept-Encoding","server":"scaffolding on HTTPServer2","x-xss-protection":"0","x-frame-options":"SAMEORIGIN","x-content-type-options":"nosniff","alt-svc":"clear","accept-ranges":"none","transfer-encoding":"chunked"}
[debug] [2021-11-13T16:04:04.865Z] >>> HTTP REQUEST POST https://firebasedatabase.googleapis.com/v1beta/projects/light-house-3d2d6/locations/us-central1/instances?databaseId=light-house-3d2d6-default-rtdb&validateOnly=true  
 {"type":"default_database"}
[debug] [2021-11-13T16:04:07.373Z] <<< HTTP RESPONSE 200 {"content-type":"application/json; charset=UTF-8","vary":"X-Origin, Referer, Origin,Accept-Encoding","date":"Sat, 13 Nov 2021 16:03:11 GMT","server":"ESF","cache-control":"private","x-xss-protection":"0","x-frame-options":"SAMEORIGIN","x-content-type-options":"nosniff","alt-svc":"clear","accept-ranges":"none","transfer-encoding":"chunked"}
[debug] [2021-11-13T16:04:07.378Z] >>> HTTP REQUEST POST https://firebasedatabase.googleapis.com/v1beta/projects/light-house-3d2d6/locations/us-central1/instances?databaseId=light-house-3d2d6-default-rtdb  
 {"type":"default_database"}
[debug] [2021-11-13T16:04:10.389Z] <<< HTTP RESPONSE 200 {"content-type":"application/json; charset=UTF-8","vary":"X-Origin, Referer, Origin,Accept-Encoding","date":"Sat, 13 Nov 2021 16:03:14 GMT","server":"ESF","cache-control":"private","x-xss-protection":"0","x-frame-options":"SAMEORIGIN","x-content-type-options":"nosniff","alt-svc":"clear","accept-ranges":"none","transfer-encoding":"chunked"}
[info] 
[info] Firebase Realtime Database Security Rules allow you to define how your data should be
[info] structured and when your data can be read from and written to.
[info] 
[debug] [2021-11-13T16:04:23.974Z] >>> HTTP REQUEST GET https://light-house-3d2d6-default-rtdb.firebaseio.com/.settings/rules.json  
 
[debug] [2021-11-13T16:04:35.507Z] Error: getaddrinfo ENOTFOUND light-house-3d2d6-default-rtdb.firebaseio.com
    at GetAddrInfoReqWrap.onlookup [as oncomplete] (dns.js:69:26)
[error] 
[error] Error: Server Error. getaddrinfo ENOTFOUND light-house-3d2d6-default-rtdb.firebaseio.com
